9887
2
6421
14451
21222
9887
5
14451
6421
21222
21222
6421
4319
0
0
7
6421
6421
0
8
4319
14451
0
21222
4
21222
8
9887
9129
0
6
9129
0
26567
26567
22441
0
2862
2862
26567
15869
0
9129
1
9129
9
4441
9129
10
9129
26567
4319
4
13366
2862
0
0
0
759
7514
9129
5
4319
0
19356
0
9
2256
9887
26267
0
2
2
2256
3784
17691
0
0
3
2
9
5
0
0
0
4319
26267
8
4319
10
0
22149
16
12
9129
759
26267
17
0
4319
0
4319
0
0
0
14
13
0
4319
16
4319
0
20245
26397
12
26397
26397
13366
0
1
17
13366
13
4319
20245
26416
0
1
11
4652
4652
26416
26416
0
0
3
11622
0
14644
0
9864
0
9864
10
5914
4
0
9864
9
23280
5914
0
31094
0
20
456
0
6604
26416
0
6604
23
759
0
4652
16688
15
4319
24245
0
0
0
22149
1263
9864
0
26416
0
0
1263
16
17284
19
31094
0
0
14
26416
17691
5684
24
13366
13366
1263
0
1263
0
0
0
18
27765
7
19760
11172
24245
1263
0
35
4673
29
26416
11172
13366
31
0
3
8050
0
26416
11
19
17030
1263
16
0
4652
8050
19320
0
17691
5684
13366
11289
11289
0
4652
27136
1263
30
1263
6
0
759
10
0
11289
0
5339
24245
24245
1263
0
12
24454
6
14
5671
4652
16314
1263
26
0
0
9864
15
0
9864
1263
0
0
0
1263
4652
30
8
23650
0
0
15573
16
34
0
24245
0
21
24
17834
1263
0
29863
16
15573
0
12
4
30
23
8050
13859
12
18
29266
9864
27765
13859
15573
16
27875
11573
0
7421
0
16
0
34
32
32
30
9864
26
4652
0
25
0
15573
1263
32
8
0
0
13366
14
12884
8050
5684
0
1263
4
24
0
0
26773
27136
11573
9864
5339
33
30
0
9864
10
19760
28
5339
0
1
8050
0
23
30
456
5154
456
0
0
24132
13
11
28299
29863
31
27765
28
0
0
27875
5
0
18974
0
5154
26188
0
26188
27765
0
0
19760
0
24454
29
7113
24132
7
17
0
0
9864
8
25
0
0
0
13606
1483
30517
0
26188
8
9864
24245
5
17484
0
5154
7
0
18
7
0
0
29
30517
12
8050
13859
0
26188
11796
35
1483
7532
22018
0
0
13859
0
0
0
0
0
27516
5
17484
0
5
1483
5154
25
24
11796
0
4018
5371
16
0
25
4133
14
8050
16462
13005
0
3
26773
19
21
0
7113
20197
11796
7
5371
0
31542
9449
8
6
28299
0
14
1483
13005
31
19225
20
31542
28299
28299
16462
12
27749
24
0
9449
8050
456
0
45
13899
11458
0
203
26773
0
43
0
28
36
456
27210
31542
45
17484
27749
23
5154
2446
0
10
22018
0
0
15573
0
10013
28
12280
2446
0
0
2446
0
5154
28
13
4133
2446
13
9
18
36
17
0
27
37
0
19225
10
0
31542
27765
31542
0
14642
29
26
5154
22
19
0
0
19225
0
29294
0
19225
31
0
3427
0
11458
29
14642
0
24132
20
8
27516
0
3427
4553
37
0
14642
23
28042
11992
27765
0
0
19
24243
14256
7251
0
12280
0
0
0
18212
30477
0
32086
12280
2446
21248
21
0
0
40
0
0
2
48
0
26188
2446
10013
4133
30477
21248
646
646
26176
24243
24
37
646
26
26
0
14
8455
0
39
26176
0
24132
8200
31
0
0
27765
0
4553
8200
0
3427
0
26897
24666
0
0
18212
0
646
12250
11
24666
28783
